c:\users\dasas\onedrive\documents\github\new_githubaccount\advanced-computer-graphics-\cs541-framework\debug\fbo.obj
c:\users\dasas\onedrive\documents\github\new_githubaccount\advanced-computer-graphics-\cs541-framework\debug\framework.obj
c:\users\dasas\onedrive\documents\github\new_githubaccount\advanced-computer-graphics-\cs541-framework\debug\imgui_impl_glfw.obj
c:\users\dasas\onedrive\documents\github\new_githubaccount\advanced-computer-graphics-\cs541-framework\debug\imgui_impl_opengl3.obj
c:\users\dasas\onedrive\documents\github\new_githubaccount\advanced-computer-graphics-\cs541-framework\debug\imgui.obj
c:\users\dasas\onedrive\documents\github\new_githubaccount\advanced-computer-graphics-\cs541-framework\debug\imgui_demo.obj
c:\users\dasas\onedrive\documents\github\new_githubaccount\advanced-computer-graphics-\cs541-framework\debug\imgui_draw.obj
c:\users\dasas\onedrive\documents\github\new_githubaccount\advanced-computer-graphics-\cs541-framework\debug\imgui_widgets.obj
c:\users\dasas\onedrive\documents\github\new_githubaccount\advanced-computer-graphics-\cs541-framework\debug\scene.obj
c:\users\dasas\onedrive\documents\github\new_githubaccount\advanced-computer-graphics-\cs541-framework\debug\shader.obj
c:\users\dasas\onedrive\documents\github\new_githubaccount\advanced-computer-graphics-\cs541-framework\debug\texture.obj
c:\users\dasas\onedrive\documents\github\new_githubaccount\advanced-computer-graphics-\cs541-framework\debug\interact.obj
c:\users\dasas\onedrive\documents\github\new_githubaccount\advanced-computer-graphics-\cs541-framework\debug\object.obj
c:\users\dasas\onedrive\documents\github\new_githubaccount\advanced-computer-graphics-\cs541-framework\debug\shapes.obj
c:\users\dasas\onedrive\documents\github\new_githubaccount\advanced-computer-graphics-\cs541-framework\debug\simplexnoise.obj
c:\users\dasas\onedrive\documents\github\new_githubaccount\advanced-computer-graphics-\cs541-framework\debug\transform.obj
c:\users\dasas\onedrive\documents\github\new_githubaccount\advanced-computer-graphics-\cs541-framework\debug\emulator.obj
c:\users\dasas\onedrive\documents\github\new_githubaccount\advanced-computer-graphics-\cs541-framework\debug\vc143.pdb
c:\users\dasas\onedrive\documents\github\new_githubaccount\advanced-computer-graphics-\cs541-framework\debug\rply.obj
c:\users\dasas\onedrive\documents\github\new_githubaccount\advanced-computer-graphics-\cs541-framework\debug\framework.exe
c:\users\dasas\onedrive\documents\github\new_githubaccount\advanced-computer-graphics-\cs541-framework\debug\framework.pdb
c:\users\dasas\onedrive\documents\github\new_githubaccount\advanced-computer-graphics-\cs541-framework\debug\framework.ilk
c:\users\dasas\onedrive\documents\github\new_githubaccount\advanced-computer-graphics-\cs541-framework\debug\vc143.idb
c:\users\dasas\onedrive\documents\github\new_githubaccount\advanced-computer-graphics-\cs541-framework\debug\framework.tlog\cl.command.1.tlog
c:\users\dasas\onedrive\documents\github\new_githubaccount\advanced-computer-graphics-\cs541-framework\debug\framework.tlog\cl.items.tlog
c:\users\dasas\onedrive\documents\github\new_githubaccount\advanced-computer-graphics-\cs541-framework\debug\framework.tlog\cl.read.1.tlog
c:\users\dasas\onedrive\documents\github\new_githubaccount\advanced-computer-graphics-\cs541-framework\debug\framework.tlog\cl.write.1.tlog
c:\users\dasas\onedrive\documents\github\new_githubaccount\advanced-computer-graphics-\cs541-framework\debug\framework.tlog\link.command.1.tlog
c:\users\dasas\onedrive\documents\github\new_githubaccount\advanced-computer-graphics-\cs541-framework\debug\framework.tlog\link.read.1.tlog
c:\users\dasas\onedrive\documents\github\new_githubaccount\advanced-computer-graphics-\cs541-framework\debug\framework.tlog\link.secondary.1.tlog
c:\users\dasas\onedrive\documents\github\new_githubaccount\advanced-computer-graphics-\cs541-framework\debug\framework.tlog\link.write.1.tlog
